Command line:
   TB_Memoria_isim_beh.exe
     -simmode  gui
     -simrunnum  0
     -socket  49773

Fri Jul 01 15:14:53 2022


 Elaboration Time: 0.046875 sec

 Current Memory Usage: 5008.33 Meg

 Total Signals          : 15
 Total Nets             : 16430
 Total Signal Drivers   : 8
 Total Blocks           : 5
 Total Primitive Blocks : 4
 Total Processes        : 3
 Total Traceable Variables  : 11
 Total Scalar Nets and Variables : 16809
Total Line Count : 21

 Total Simulation Time: 0.0625 sec

 Current Memory Usage: 5008.33 Meg

Fri Jul 01 15:16:26 2022

